<?xml version="1.0" encoding="UTF-8"?>
<!-- Generated by org.testng.reporters.JUnitReportReporter -->
<testsuite hostname="Hirals-MacBook-Air.local" failures="0" tests="5" name="com.amazon.qa.testcases.ProductPageTest" time="65.059" errors="0" timestamp="2022-07-26T14:35:22 EDT" skipped="0">
  <testcase classname="com.amazon.qa.testcases.ProductPageTest" name="pageTitleTest" time="6.850"/>
  <system-out/>
  <testcase classname="com.amazon.qa.testcases.ProductPageTest" name="proPageLogoTest" time="9.629"/>
  <system-out/>
  <testcase classname="com.amazon.qa.testcases.ProductPageTest" name="prodBrandTest" time="12.173"/>
  <system-out/>
  <testcase classname="com.amazon.qa.testcases.ProductPageTest" name="prodPriceTest" time="15.696"/>
  <system-out/>
  <testcase classname="com.amazon.qa.testcases.ProductPageTest" name="purchaseProductTest" time="20.711"/>
  <system-out/>
</testsuite> <!-- com.amazon.qa.testcases.ProductPageTest -->
