<?xml version="1.0" encoding="UTF-8"?>
<!-- Generated by org.testng.reporters.JUnitReportReporter -->
<testsuite hostname="Hirals-MacBook-Air.local" failures="0" tests="1" name="com.amazon.qa.testdata.ProductPageTest" time="18.047" errors="0" timestamp="2022-07-26T11:43:54 EDT" skipped="0">
  <testcase classname="com.amazon.qa.testdata.ProductPageTest" name="purchaseProductTest" time="18.047"/>
  <system-out/>
</testsuite> <!-- com.amazon.qa.testdata.ProductPageTest -->
