<?xml version="1.0" encoding="UTF-8"?>
<!-- Generated by org.testng.reporters.JUnitReportReporter -->
<testsuite hostname="Hirals-MacBook-Air.local" failures="0" tests="5" name="com.amazon.qa.testcases.SignInPageTest" time="39.107" errors="0" timestamp="2022-07-26T14:35:22 EDT" skipped="0">
  <testcase classname="com.amazon.qa.testcases.SignInPageTest" name="signInPageTitleTest" time="7.092"/>
  <system-out/>
  <testcase classname="com.amazon.qa.testcases.SignInPageTest" name="LogoTest" time="7.297"/>
  <system-out/>
  <testcase classname="com.amazon.qa.testcases.SignInPageTest" name="wronEmailTest" time="7.350"/>
  <system-out/>
  <testcase classname="com.amazon.qa.testcases.SignInPageTest" name="wrongPassTest" time="8.448"/>
  <system-out/>
  <testcase classname="com.amazon.qa.testcases.SignInPageTest" name="correctSignInTest" time="8.920"/>
  <system-out/>
</testsuite> <!-- com.amazon.qa.testcases.SignInPageTest -->
