<?xml version="1.0" encoding="UTF-8"?>
<!-- Generated by org.testng.reporters.JUnitReportReporter -->
<testsuite hostname="Hirals-MacBook-Air.local" failures="0" tests="1" name="com.amazon.qa.testdata.HomePageTest" time="18.957" errors="0" timestamp="2022-07-22T09:58:02 EDT" skipped="0">
  <testcase classname="com.amazon.qa.testdata.HomePageTest" name="searchTest" time="18.957"/>
  <system-out/>
</testsuite> <!-- com.amazon.qa.testdata.HomePageTest -->
