<?xml version="1.0" encoding="UTF-8"?>
<!-- Generated by org.testng.reporters.JUnitReportReporter -->
<testsuite hostname="Hirals-MacBook-Air.local" failures="0" tests="5" name="com.amazon.qa.testdata.SignInPageTest" time="82.127" errors="0" timestamp="2022-07-25T12:27:46 EDT" skipped="0">
  <testcase classname="com.amazon.qa.testdata.SignInPageTest" name="signInPageTitleTest" time="12.649"/>
  <system-out/>
  <testcase classname="com.amazon.qa.testdata.SignInPageTest" name="LogoTest" time="14.405"/>
  <system-out/>
  <testcase classname="com.amazon.qa.testdata.SignInPageTest" name="wronEmailTest" time="14.856"/>
  <system-out/>
  <testcase classname="com.amazon.qa.testdata.SignInPageTest" name="wrongPassTest" time="20.341"/>
  <system-out/>
  <testcase classname="com.amazon.qa.testdata.SignInPageTest" name="correctSignInTest" time="19.876"/>
  <system-out/>
</testsuite> <!-- com.amazon.qa.testdata.SignInPageTest -->
